<?xml version="1.0" encoding="utf-8"?><testsuites name="pytest tests"><testsuite name="pytest" errors="0" failures="0" skipped="0" tests="35" time="8.964" timestamp="2026-06-04T07:28:56.911500+00:00" hostname="agent-env-229030a0-3722-4ef4-a591-4dc6668d2efe"><testcase classname="backend.tests.test_cms_backend.TestAuth" name="test_login_all_roles" time="1.459" /><testcase classname="backend.tests.test_cms_backend.TestAuth" name="test_login_invalid" time="0.334" /><testcase classname="backend.tests.test_cms_backend.TestAuth" name="test_me_returns_user" time="1.399" /><testcase classname="backend.tests.test_cms_backend.TestAuth" name="test_me_no_token" time="0.093" /><testcase classname="backend.tests.test_cms_backend.TestMembersAndRBAC" name="test_viewer_cannot_create_member" time="0.177" /><testcase classname="backend.tests.test_cms_backend.TestMembersAndRBAC" name="test_staff_can_create_member" time="0.102" /><testcase classname="backend.tests.test_cms_backend.TestMembersAndRBAC" name="test_list_members" time="0.101" /><testcase classname="backend.tests.test_cms_backend.TestMembersAndRBAC" name="test_search_filters" time="0.220" /><testcase classname="backend.tests.test_cms_backend.TestMembersAndRBAC" name="test_get_member_notes_visibility" time="0.353" /><testcase classname="backend.tests.test_cms_backend.TestMembersAndRBAC" name="test_patch_member" time="0.113" /><testcase classname="backend.tests.test_cms_backend.TestMembersAndRBAC" name="test_soft_delete_requires_admin" time="0.307" /><testcase classname="backend.tests.test_cms_backend.TestContributions" name="test_admin_creates_contribution" time="0.327" /><testcase classname="backend.tests.test_cms_backend.TestContributions" name="test_list_filter" time="0.119" /><testcase classname="backend.tests.test_cms_backend.TestContributions" name="test_viewer_blocked" time="0.178" /><testcase classname="backend.tests.test_cms_backend.TestContributions" name="test_summary" time="0.100" /><testcase classname="backend.tests.test_cms_backend.TestFamilies" name="test_create_and_enrich" time="0.404" /><testcase classname="backend.tests.test_cms_backend.TestFamilies" name="test_delete_family_requires_admin" time="0.208" /><testcase classname="backend.tests.test_cms_backend.TestDashboard" name="test_admin_dashboard_has_finance" time="0.114" /><testcase classname="backend.tests.test_cms_backend.TestDashboard" name="test_viewer_dashboard_no_finance" time="0.101" /><testcase classname="backend.tests.test_cms_backend.TestUsers" name="test_admin_cannot_list_users" time="0.103" /><testcase classname="backend.tests.test_cms_backend.TestUsers" name="test_super_admin_list_users" time="0.103" /><testcase classname="backend.tests.test_cms_backend.TestUsers" name="test_create_user" time="0.443" /><testcase classname="backend.tests.test_cms_backend.TestUsers" name="test_patch_user" time="0.103" /><testcase classname="backend.tests.test_cms_backend.TestUsers" name="test_cannot_delete_self" time="0.212" /><testcase classname="backend.tests.test_cms_backend.TestUsers" name="test_delete_other" time="0.104" /><testcase classname="backend.tests.test_cms_backend.TestAuditLog" name="test_audit_log_admin" time="0.119" /><testcase classname="backend.tests.test_cms_backend.TestAuditLog" name="test_audit_log_staff_blocked" time="0.101" /><testcase classname="backend.tests.test_cms_backend.TestReports" name="test_members_excel" time="0.117" /><testcase classname="backend.tests.test_cms_backend.TestReports" name="test_members_pdf" time="0.106" /><testcase classname="backend.tests.test_cms_backend.TestReports" name="test_birthdays_requires_month" time="0.207" /><testcase classname="backend.tests.test_cms_backend.TestReports" name="test_anniversaries" time="0.116" /><testcase classname="backend.tests.test_cms_backend.TestReports" name="test_contrib_monthly_admin_only" time="0.215" /><testcase classname="backend.tests.test_cms_backend.TestReports" name="test_non_contributing" time="0.177" /><testcase classname="backend.tests.test_cms_backend.TestReports" name="test_families_report" time="0.107" /><testcase classname="backend.tests.test_cms_backend.TestReports" name="test_member_statement" time="0.206" /></testsuite></testsuites>